<?xml version="1.0" encoding="UTF-8"?>
<!-- Generated by org.testng.reporters.JUnitXMLReporter -->
<testsuite ignored="0" hostname="Najeeb" failures="1" tests="1" name="ValidateTitle" time="7.696" errors="0" timestamp="2020-04-30T15:45:37 EDT">
  <testcase classname="testObjects.ValidateTitle" name="basePageNavigation" time="0.057">
    <failure type="java.lang.AssertionError" message="expected [sign up] but found [Sign Up]">
      <![CDATA[java.lang.AssertionError: expected [sign up] but found [Sign Up]
at testObjects.ValidateTitle.basePageNavigation(ValidateTitle.java:31)
at java.base/java.util.ArrayList.forEach(ArrayList.java:1540)
... Removed 32 stack frames]]>
    </failure>
  </testcase> <!-- basePageNavigation -->
</testsuite> <!-- ValidateTitle -->
