<?xml version="1.0" encoding="UTF-8"?>
<testng-results ignored="0" total="2" passed="1" failed="1" skipped="0">
  <reporter-output>
  </reporter-output>
  <suite started-at="2020-04-25T23:03:00 EDT" name="Suite" finished-at="2020-04-25T23:03:21 EDT" duration-ms="20905">
    <groups>
    </groups>
    <test started-at="2020-04-25T23:03:00 EDT" name="HomePage" finished-at="2020-04-25T23:03:13 EDT" duration-ms="13056">
      <class name="testObjects.HomePage">
        <test-method is-config="true" signature="initialize()[pri:0, instance:testObjects.HomePage@52de51b6]" started-at="2020-04-25T23:03:00 EDT" name="initialize" finished-at="2020-04-25T23:03:08 EDT" duration-ms="7862" status="PASS">
          <reporter-output>
          </reporter-output>
        </test-method> <!-- initialize -->
        <test-method signature="basePageNavigation()[pri:0, instance:testObjects.HomePage@52de51b6]" started-at="2020-04-25T23:03:08 EDT" name="basePageNavigation" finished-at="2020-04-25T23:03:09 EDT" duration-ms="779" status="PASS">
          <reporter-output>
          </reporter-output>
        </test-method> <!-- basePageNavigation -->
        <test-method is-config="true" signature="closeBrowser()[pri:0, instance:testObjects.HomePage@52de51b6]" started-at="2020-04-25T23:03:09 EDT" name="closeBrowser" finished-at="2020-04-25T23:03:13 EDT" duration-ms="4366" status="PASS">
          <reporter-output>
          </reporter-output>
        </test-method> <!-- closeBrowser -->
      </class> <!-- testObjects.HomePage -->
    </test> <!-- HomePage -->
    <test started-at="2020-04-25T23:03:13 EDT" name="ValidateTitle" finished-at="2020-04-25T23:03:21 EDT" duration-ms="7799">
      <class name="testObjects.ValidateTitle">
        <test-method is-config="true" signature="initialize()[pri:0, instance:testObjects.ValidateTitle@5733f295]" started-at="2020-04-25T23:03:13 EDT" name="initialize" finished-at="2020-04-25T23:03:20 EDT" duration-ms="6374" status="PASS">
          <reporter-output>
          </reporter-output>
        </test-method> <!-- initialize -->
        <test-method signature="basePageNavigation()[pri:0, instance:testObjects.ValidateTitle@5733f295]" started-at="2020-04-25T23:03:20 EDT" name="basePageNavigation" finished-at="2020-04-25T23:03:20 EDT" duration-ms="49" status="FAIL">
          <exception class="java.lang.AssertionError">
            <message>
              <![CDATA[expected [sign up] but found [Sign Up]]]>
            </message>
            <full-stacktrace>
              <![CDATA[java.lang.AssertionError: expected [sign up] but found [Sign Up]
at org.testng.Assert.fail(Assert.java:97)
at org.testng.Assert.assertEqualsImpl(Assert.java:136)
at org.testng.Assert.assertEquals(Assert.java:118)
at org.testng.Assert.assertEquals(Assert.java:575)
at org.testng.Assert.assertEquals(Assert.java:585)
at testObjects.ValidateTitle.basePageNavigation(ValidateTitle.java:30)
at java.base/jdk.internal.reflect.NativeMethodAccessorImpl.invoke0(Native Method)
at java.base/jdk.internal.reflect.NativeMethodAccessorImpl.invoke(NativeMethodAccessorImpl.java:62)
at java.base/jdk.internal.reflect.DelegatingMethodAccessorImpl.invoke(DelegatingMethodAccessorImpl.java:43)
at java.base/java.lang.reflect.Method.invoke(Method.java:566)
at org.testng.internal.MethodInvocationHelper.invokeMethod(MethodInvocationHelper.java:134)
at org.testng.internal.TestInvoker.invokeMethod(TestInvoker.java:597)
at org.testng.internal.TestInvoker.invokeTestMethod(TestInvoker.java:173)
at org.testng.internal.MethodRunner.runInSequence(MethodRunner.java:46)
at org.testng.internal.TestInvoker$MethodInvocationAgent.invoke(TestInvoker.java:816)
at org.testng.internal.TestInvoker.invokeTestMethods(TestInvoker.java:146)
at org.testng.internal.TestMethodWorker.invokeTestMethods(TestMethodWorker.java:146)
at org.testng.internal.TestMethodWorker.run(TestMethodWorker.java:128)
at java.base/java.util.ArrayList.forEach(ArrayList.java:1540)
at org.testng.TestRunner.privateRun(TestRunner.java:766)
at org.testng.TestRunner.run(TestRunner.java:587)
at org.testng.SuiteRunner.runTest(SuiteRunner.java:384)
at org.testng.SuiteRunner.runSequentially(SuiteRunner.java:378)
at org.testng.SuiteRunner.privateRun(SuiteRunner.java:337)
at org.testng.SuiteRunner.run(SuiteRunner.java:286)
at org.testng.SuiteRunnerWorker.runSuite(SuiteRunnerWorker.java:53)
at org.testng.SuiteRunnerWorker.run(SuiteRunnerWorker.java:96)
at org.testng.TestNG.runSuitesSequentially(TestNG.java:1187)
at org.testng.TestNG.runSuitesLocally(TestNG.java:1109)
at org.testng.TestNG.runSuites(TestNG.java:1039)
at org.testng.TestNG.run(TestNG.java:1007)
at org.apache.maven.surefire.testng.TestNGExecutor.run(TestNGExecutor.java:283)
at org.apache.maven.surefire.testng.TestNGXmlTestSuite.execute(TestNGXmlTestSuite.java:75)
at org.apache.maven.surefire.testng.TestNGProvider.invoke(TestNGProvider.java:120)
at org.apache.maven.surefire.booter.ForkedBooter.runSuitesInProcess(ForkedBooter.java:377)
at org.apache.maven.surefire.booter.ForkedBooter.execute(ForkedBooter.java:138)
at org.apache.maven.surefire.booter.ForkedBooter.run(ForkedBooter.java:465)
at org.apache.maven.surefire.booter.ForkedBooter.main(ForkedBooter.java:451)
]]>
            </full-stacktrace>
          </exception> <!-- java.lang.AssertionError -->
          <reporter-output>
          </reporter-output>
        </test-method> <!-- basePageNavigation -->
        <test-method is-config="true" signature="closeBrowser()[pri:0, instance:testObjects.ValidateTitle@5733f295]" started-at="2020-04-25T23:03:21 EDT" name="closeBrowser" finished-at="2020-04-25T23:03:21 EDT" duration-ms="585" status="PASS">
          <reporter-output>
          </reporter-output>
        </test-method> <!-- closeBrowser -->
      </class> <!-- testObjects.ValidateTitle -->
    </test> <!-- ValidateTitle -->
  </suite> <!-- Suite -->
</testng-results>
